		Initializing .... 

Total memory allocated = 5454196
		Begin Printing Seed information

Seed point: 8 314 	Path 0 0 	User path -1 -1 -1

---------------------

Print path: 



[8 314] 

		Begin Printing Seed information

Seed point: 8 314 	Path 0 0 	User path 0 1 0

Seed point: 8 314 	Path 1 1 	User path 14 14 14

---------------------

Print path: 



[8 314] [8 314] 

		Begin Printing Seed information

Seed point: 8 314 	Path 0 0 	User path 0 1 0

Seed point: 8 314 	Path 1 314 	User path 1 16 1

Seed point: 47 61 	Path 315 315 	User path 18 18 18

---------------------

Print path: 



[8 314] [8 314] [7 314] [6 314] [5 314] [4 314] [3 314] 
[3 313] [3 312] [3 311] [3 310] [3 309] [3 308] [3 307] 
[3 306] [3 305] [3 304] [3 303] [3 302] [3 301] [3 300] 
[3 299] [3 298] [3 297] [3 296] [3 295] [3 294] [3 293] 
[3 292] [3 291] [3 290] [3 289] [3 288] [3 287] [3 286] 
[4 286] [5 285] [6 285] [7 284] [8 284] [9 283] [10 282] 
[11 281] [12 280] [13 279] [14 278] [15 278] [16 278] [17 277] 
[18 276] [19 275] [20 274] [21 273] [22 272] [23 271] [23 270] 
[23 269] [24 268] [25 267] [26 266] [27 265] [28 264] [29 263] 
[30 262] [31 261] [32 260] [33 259] [34 258] [34 257] [34 256] 
[34 255] [34 254] [34 253] [34 252] [34 251] [34 250] [34 249] 
[34 248] [34 247] [34 246] [34 245] [34 244] [34 243] [34 242] 
[34 241] [34 240] [34 239] [34 238] [34 237] [34 236] [34 235] 
[34 234] [35 233] [36 232] [37 231] [38 230] [39 229] [40 228] 
[41 227] [42 226] [43 225] [44 224] [45 223] [46 222] [47 221] 
[48 220] [49 219] [50 219] [50 218] [50 217] [50 216] [50 215] 
[50 214] [50 213] [50 212] [50 211] [50 210] [50 209] [50 208] 
[50 207] [50 206] [50 205] [50 204] [50 203] [50 202] [50 201] 
[50 200] [50 199] [50 198] [50 197] [50 196] [50 195] [50 194] 
[50 193] [50 192] [51 191] [51 190] [52 189] [52 188] [52 187] 
[53 186] [54 185] [55 184] [56 183] [57 182] [58 181] [59 180] 
[60 179] [61 178] [62 177] [63 177] [63 176] [63 175] [63 174] 
[63 173] [62 173] [62 172] [62 171] [61 171] [60 171] [60 170] 
[59 170] [59 169] [58 169] [58 168] [58 167] [57 167] [57 166] 
[57 165] [56 165] [56 164] [56 163] [56 162] [56 161] [56 160] 
[56 159] [57 159] [57 158] [57 157] [58 157] [58 156] [59 156] 
[59 155] [60 155] [60 154] [61 154] [62 154] [62 153] [63 153] 
[64 153] [65 153] [65 152] [66 151] [66 150] [67 149] [68 148] 
[69 147] [70 147] [71 147] [71 146] [71 145] [71 144] [72 144] 
[73 144] [73 145] [73 146] [73 147] [74 147] [75 147] [76 147] 
[77 147] [78 147] [79 147] [80 147] [81 147] [81 146] [81 145] 
[81 144] [81 143] [81 142] [81 141] [81 140] [81 139] [81 138] 
[80 138] [79 138] [78 138] [77 138] [76 138] [75 138] [74 138] 
[73 138] [73 139] [73 140] [72 140] [71 140] [71 139] [71 138] 
[71 137] [71 136] [71 135] [71 134] [71 133] [71 132] [71 131] 
[71 130] [71 129] [71 128] [71 127] [71 126] [71 125] [71 124] 
[71 123] [71 122] [71 121] [71 120] [71 119] [71 118] [71 117] 
[71 116] [71 115] [71 114] [71 113] [71 112] [71 111] [71 110] 
[71 109] [70 108] [69 107] [68 106] [67 105] [66 104] [66 103] 
[65 102] [64 101] [63 100] [62 99] [61 98] [60 97] [59 96] 
[58 95] [57 94] [56 93] [55 92] [54 91] [53 90] [52 89] 
[51 88] [51 87] [51 86] [50 85] [50 84] [50 83] [50 82] 
[50 81] [50 80] [50 79] [50 78] [50 77] [50 76] [50 75] 
[50 74] [50 73] [50 72] [50 71] [50 70] [50 69] [50 68] 
[50 67] [50 66] [50 65] [50 64] [49 63] [48 62] [47 61] 
[47 61] 

		Begin Printing Seed information

Seed point: 8 314 	Path 0 0 	User path 0 1 0

Seed point: 8 314 	Path 1 314 	User path 1 16 1

Seed point: 47 61 	Path 315 386 	User path 16 41 16

Seed point: 90 3 	Path 387 387 	User path 41 41 41

---------------------

Print path: 



[8 314] [8 314] [7 314] [6 314] [5 314] [4 314] [3 314] 
[3 313] [3 312] [3 311] [3 310] [3 309] [3 308] [3 307] 
[3 306] [3 305] [3 304] [3 303] [3 302] [3 301] [3 300] 
[3 299] [3 298] [3 297] [3 296] [3 295] [3 294] [3 293] 
[3 292] [3 291] [3 290] [3 289] [3 288] [3 287] [3 286] 
[4 286] [5 285] [6 285] [7 284] [8 284] [9 283] [10 282] 
[11 281] [12 280] [13 279] [14 278] [15 278] [16 278] [17 277] 
[18 276] [19 275] [20 274] [21 273] [22 272] [23 271] [23 270] 
[23 269] [24 268] [25 267] [26 266] [27 265] [28 264] [29 263] 
[30 262] [31 261] [32 260] [33 259] [34 258] [34 257] [34 256] 
[34 255] [34 254] [34 253] [34 252] [34 251] [34 250] [34 249] 
[34 248] [34 247] [34 246] [34 245] [34 244] [34 243] [34 242] 
[34 241] [34 240] [34 239] [34 238] [34 237] [34 236] [34 235] 
[34 234] [35 233] [36 232] [37 231] [38 230] [39 229] [40 228] 
[41 227] [42 226] [43 225] [44 224] [45 223] [46 222] [47 221] 
[48 220] [49 219] [50 219] [50 218] [50 217] [50 216] [50 215] 
[50 214] [50 213] [50 212] [50 211] [50 210] [50 209] [50 208] 
[50 207] [50 206] [50 205] [50 204] [50 203] [50 202] [50 201] 
[50 200] [50 199] [50 198] [50 197] [50 196] [50 195] [50 194] 
[50 193] [50 192] [51 191] [51 190] [52 189] [52 188] [52 187] 
[53 186] [54 185] [55 184] [56 183] [57 182] [58 181] [59 180] 
[60 179] [61 178] [62 177] [63 177] [63 176] [63 175] [63 174] 
[63 173] [62 173] [62 172] [62 171] [61 171] [60 171] [60 170] 
[59 170] [59 169] [58 169] [58 168] [58 167] [57 167] [57 166] 
[57 165] [56 165] [56 164] [56 163] [56 162] [56 161] [56 160] 
[56 159] [57 159] [57 158] [57 157] [58 157] [58 156] [59 156] 
[59 155] [60 155] [60 154] [61 154] [62 154] [62 153] [63 153] 
[64 153] [65 153] [65 152] [66 151] [66 150] [67 149] [68 148] 
[69 147] [70 147] [71 147] [71 146] [71 145] [71 144] [72 144] 
[73 144] [73 145] [73 146] [73 147] [74 147] [75 147] [76 147] 
[77 147] [78 147] [79 147] [80 147] [81 147] [81 146] [81 145] 
[81 144] [81 143] [81 142] [81 141] [81 140] [81 139] [81 138] 
[80 138] [79 138] [78 138] [77 138] [76 138] [75 138] [74 138] 
[73 138] [73 139] [73 140] [72 140] [71 140] [71 139] [71 138] 
[71 137] [71 136] [71 135] [71 134] [71 133] [71 132] [71 131] 
[71 130] [71 129] [71 128] [71 127] [71 126] [71 125] [71 124] 
[71 123] [71 122] [71 121] [71 120] [71 119] [71 118] [71 117] 
[71 116] [71 115] [71 114] [71 113] [71 112] [71 111] [71 110] 
[71 109] [70 108] [69 107] [68 106] [67 105] [66 104] [66 103] 
[65 102] [64 101] [63 100] [62 99] [61 98] [60 97] [59 96] 
[58 95] [57 94] [56 93] [55 92] [54 91] [53 90] [52 89] 
[51 88] [51 87] [51 86] [50 85] [50 84] [50 83] [50 82] 
[50 81] [50 80] [50 79] [50 78] [50 77] [50 76] [50 75] 
[50 74] [50 73] [50 72] [50 71] [50 70] [50 69] [50 68] 
[50 67] [50 66] [50 65] [50 64] [49 63] [48 62] [47 61] 
[47 61] [47 60] [47 59] [47 58] [47 57] [47 56] [48 55] 
[48 54] [48 53] [48 52] [48 51] [48 50] [48 49] [48 48] 
[49 47] [50 46] [51 45] [51 44] [51 43] [51 42] [51 41] 
[51 40] [51 39] [51 38] [51 37] [51 36] [51 35] [51 34] 
[51 33] [51 32] [51 31] [51 30] [52 29] [53 28] [54 27] 
[55 26] [56 25] [57 24] [58 23] [59 22] [60 21] [61 20] 
[62 19] [63 18] [64 17] [65 16] [66 15] [67 14] [68 13] 
[69 12] [70 12] [70 11] [71 11] [72 11] [73 11] [74 10] 
[75 9] [76 8] [77 7] [78 6] [79 6] [80 6] [81 6] 
[82 6] [83 5] [84 5] [85 5] [86 5] [87 4] [88 3] 
[89 3] [90 3] [90 3] 

