		Initializing .... 

Total memory allocated = 5452148
		Begin Printing Seed information

Seed point: 238 504 	Path 0 0 	User path -1 -1 -1

---------------------

Print path: 



[238 504] 

		Begin Printing Seed information

Seed point: 238 504 	Path 0 26 	User path 0 4 0

Seed point: 213 505 	Path 27 27 	User path 24 24 24

---------------------

Print path: 



[238 504] [238 505] [237 505] [236 505] [235 505] [234 505] [233 505] 
[232 505] [231 505] [230 505] [229 505] [228 505] [227 505] [226 505] 
[225 505] [224 505] [223 505] [222 505] [221 505] [220 505] [219 505] 
[218 505] [217 505] [216 505] [215 505] [214 505] [213 505] [213 505] 

		Begin Printing Seed information

Seed point: 238 504 	Path 0 26 	User path 0 4 0

Seed point: 213 505 	Path 27 217 	User path 4 26 4

Seed point: 46 505 	Path 218 218 	User path 46 46 46

---------------------

Print path: 



[238 504] [238 505] [237 505] [236 505] [235 505] [234 505] [233 505] 
[232 505] [231 505] [230 505] [229 505] [228 505] [227 505] [226 505] 
[225 505] [224 505] [223 505] [222 505] [221 505] [220 505] [219 505] 
[218 505] [217 505] [216 505] [215 505] [214 505] [213 505] [213 505] 
[212 505] [211 505] [210 505] [209 505] [208 505] [207 505] [206 505] 
[206 506] [205 506] [204 506] [203 506] [202 506] [201 506] [200 506] 
[199 506] [198 506] [197 506] [196 506] [195 506] [194 506] [193 506] 
[192 506] [191 507] [190 507] [189 507] [188 507] [187 507] [186 507] 
[185 507] [184 507] [183 507] [182 507] [181 507] [180 507] [179 507] 
[178 507] [177 507] [176 507] [175 507] [174 507] [173 507] [172 507] 
[171 507] [170 507] [169 507] [168 507] [167 507] [166 507] [165 507] 
[165 506] [165 505] [165 504] [165 503] [164 503] [163 503] [162 503] 
[161 503] [160 503] [159 503] [158 503] [157 503] [156 503] [155 503] 
[154 503] [153 503] [152 503] [151 503] [150 503] [149 503] [148 503] 
[147 503] [146 503] [145 503] [144 503] [143 503] [142 503] [141 503] 
[140 503] [139 503] [138 503] [137 503] [136 503] [135 503] [134 503] 
[133 503] [132 503] [131 503] [130 503] [129 503] [128 503] [127 503] 
[126 503] [125 503] [124 503] [123 503] [123 504] [123 505] [122 505] 
[122 506] [122 507] [121 507] [120 507] [119 507] [118 507] [118 506] 
[118 505] [118 504] [118 503] [117 503] [116 503] [116 502] [115 502] 
[114 502] [113 502] [112 502] [111 502] [110 502] [110 501] [109 501] 
[108 501] [107 501] [106 501] [105 501] [104 501] [103 501] [102 501] 
[101 501] [100 501] [99 501] [99 502] [98 502] [97 502] [96 502] 
[95 502] [94 502] [93 502] [92 502] [92 503] [91 503] [90 503] 
[89 503] [88 503] [87 503] [86 503] [86 504] [85 504] [84 504] 
[83 504] [82 504] [81 504] [80 504] [79 504] [79 505] [78 505] 
[77 505] [76 505] [75 505] [74 505] [73 505] [72 505] [71 505] 
[70 505] [70 504] [69 504] [69 503] [69 502] [68 502] [67 502] 
[66 502] [65 502] [64 502] [63 502] [62 502] [61 502] [60 501] 
[59 501] [59 502] [58 502] [57 502] [56 503] [55 504] [54 504] 
[53 504] [52 504] [51 504] [50 505] [49 505] [48 505] [47 505] 
[46 505] [46 505] 

